c:\users\daniel\desktop\programmieren\design-pattern\command\debug\vc142.pdb
c:\users\daniel\desktop\programmieren\design-pattern\command\debug\vc142.idb
c:\users\daniel\desktop\programmieren\design-pattern\command\debug\main.obj
c:\users\daniel\desktop\programmieren\design-pattern\command\debug\commandzoom.obj
c:\users\daniel\desktop\programmieren\design-pattern\command\debug\commandsave.obj
c:\users\daniel\desktop\programmieren\design-pattern\command\debug\commandhandler.obj
c:\users\daniel\desktop\programmieren\design-pattern\command\debug\camera.obj
c:\users\daniel\desktop\programmieren\design pattern\command\debug\command.exe
c:\users\daniel\desktop\programmieren\design pattern\command\debug\command.ilk
c:\users\daniel\desktop\programmieren\design pattern\command\debug\command.pdb
c:\users\daniel\desktop\programmieren\design-pattern\debug\command.exe
c:\users\daniel\desktop\programmieren\design-pattern\debug\command.ilk
c:\users\daniel\desktop\programmieren\design-pattern\debug\command.pdb
c:\users\daniel\desktop\programmieren\design-pattern\command\debug\command.ilk
c:\users\daniel\desktop\programmieren\design-pattern\command\debug\command.pdb
c:\users\daniel\desktop\programmieren\design-pattern\command\debug\command.tlog\cl.command.1.tlog
c:\users\daniel\desktop\programmieren\design-pattern\command\debug\command.tlog\cl.read.1.tlog
c:\users\daniel\desktop\programmieren\design-pattern\command\debug\command.tlog\cl.write.1.tlog
c:\users\daniel\desktop\programmieren\design-pattern\command\debug\command.tlog\link.command.1.tlog
c:\users\daniel\desktop\programmieren\design-pattern\command\debug\command.tlog\link.read.1.tlog
c:\users\daniel\desktop\programmieren\design-pattern\command\debug\command.tlog\link.write.1.tlog
