c:\users\daniel\desktop\programmieren\design pattern\strategy\debug\vc142.pdb
c:\users\daniel\desktop\programmieren\design pattern\strategy\debug\vc142.idb
c:\users\daniel\desktop\programmieren\design pattern\strategy\debug\main.obj
c:\users\daniel\desktop\programmieren\design pattern\strategy\debug\selectionsort.obj
c:\users\daniel\desktop\programmieren\design pattern\strategy\debug\insertionsort.obj
c:\users\daniel\desktop\programmieren\design pattern\strategy\debug\bubblesort.obj
c:\users\daniel\desktop\programmieren\design pattern\strategy\debug\quicksort.obj
c:\users\daniel\desktop\programmieren\design pattern\strategy\debug\strategy.ilk
c:\users\daniel\desktop\programmieren\design pattern\strategy\debug\strategy.exe
c:\users\daniel\desktop\programmieren\design pattern\strategy\debug\strategy.pdb
c:\users\daniel\desktop\programmieren\design-pattern\strategy\debug\bubblesort.obj
c:\users\daniel\desktop\programmieren\design-pattern\strategy\debug\insertionsort.obj
c:\users\daniel\desktop\programmieren\design-pattern\strategy\debug\main.obj
c:\users\daniel\desktop\programmieren\design-pattern\strategy\debug\quicksort.obj
c:\users\daniel\desktop\programmieren\design-pattern\strategy\debug\selectionsort.obj
c:\users\daniel\desktop\programmieren\design-pattern\strategy\debug\strategy.ilk
c:\users\daniel\desktop\programmieren\design-pattern\strategy\debug\vc142.idb
c:\users\daniel\desktop\programmieren\design-pattern\strategy\debug\strategy.pdb
c:\users\daniel\desktop\programmieren\design-pattern\strategy\debug\vc142.pdb
c:\users\daniel\desktop\programmieren\design-pattern\strategy\debug\strategy.tlog\cl.command.1.tlog
c:\users\daniel\desktop\programmieren\design-pattern\strategy\debug\strategy.tlog\cl.read.1.tlog
c:\users\daniel\desktop\programmieren\design-pattern\strategy\debug\strategy.tlog\cl.write.1.tlog
c:\users\daniel\desktop\programmieren\design-pattern\strategy\debug\strategy.tlog\link.command.1.tlog
c:\users\daniel\desktop\programmieren\design-pattern\strategy\debug\strategy.tlog\link.read.1.tlog
c:\users\daniel\desktop\programmieren\design-pattern\strategy\debug\strategy.tlog\link.write.1.tlog
